<?xml version="1.0" encoding="UTF-8"?>
<!-- Generated by org.testng.reporters.JUnitXMLReporter -->
<testsuite hostname="Shafkats-MBP.fios-router.home" failures="0" tests="9" name="Test" time="2.702" errors="0" timestamp="24 Feb 2021 19:21:27 GMT">
  <testcase classname="com.hrms.tests.openBrowser" name="test1" time="0.004"/>
  <testcase classname="com.hrms.tests.priorityTesting" name="test4" time="0.001"/>
  <testcase classname="com.hrms.tests.priorityTesting" name="test5" time="0.001"/>
  <testcase classname="com.hrms.tests.priorityTesting" name="test6" time="0.0"/>
  <testcase classname="com.hrms.tests.priorityTesting" name="test7" time="0.001"/>
  <testcase classname="com.hrms.tests.TestingAnnotations" name="testCase1" time="0.0"/>
  <testcase classname="com.hrms.tests.TestingAnnotations" name="testCase2" time="0.001"/>
  <testcase classname="com.hrms.tests.priorityTesting" name="test2" time="0.0"/>
  <testcase classname="com.hrms.tests.priorityTesting" name="test1" time="0.0">
    <skipped/>
  </testcase> <!-- test1 -->
</testsuite> <!-- Test -->
